{
  "stats": {
    "suites": 1,
    "tests": 1,
    "passes": 0,
    "pending": 0,
    "failures": 1,
    "start": "2025-05-27T15:12:19.430Z",
    "end": "2025-05-27T15:12:49.683Z",
    "duration": 30253,
    "testsRegistered": 2,
    "passPercent": 0,
    "pendingPercent": 0,
    "other": 0,
    "hasOther": false,
    "skipped": 1,
    "hasSkipped": true
  },
  "results": [
    {
      "uuid": "f7579774-ff65-4fef-83e4-7da590e1d01a",
      "title": "",
      "fullFile": "cypress\\e2e\\01-register.cy.js",
      "file": "cypress\\e2e\\01-register.cy.js",
      "beforeHooks": [],
      "afterHooks": [],
      "tests": [],
      "suites": [
        {
          "uuid": "51b53c35-0a6d-4ab4-bd60-138c7684e400",
          "title": "Register User Tests",
          "fullFile": "",
          "file": "",
          "beforeHooks": [],
          "afterHooks": [],
          "tests": [
            {
              "title": "Register user successfully",
              "fullTitle": "Register User Tests Register user successfully",
              "timedOut": null,
              "duration": 30205,
              "state": "failed",
              "speed": null,
              "pass": false,
              "fail": true,
              "pending": false,
              "context": "{\n  \"title\": \"cypress-mochawesome-reporter-screenshots\",\n  \"value\": [\n    [\n      \"\\\\01-register.cy.js\\\\Register User Tests -- Register user successfully -- before each hook (failed).png\"\n    ]\n  ]\n}",
              "code": "_index.default.registerNewUser(_dataUtils.VALID_DATA_NEW_USER.EMAIL_VALID, _dataUtils.VALID_DATA_NEW_USER.NAME_VALID, _dataUtils.VALID_DATA_NEW_USER.PASSWORD_VALID, _dataUtils.VALID_DATA_NEW_USER.PASSWORD_CONFIRMATION_VALID);\n_index.default.validateRegisterUser();",
              "err": {
                "message": "CypressError: `cy.visit()` failed trying to load:\n\nhttp://localhost:3000/\n\nWe attempted to make an http request to this URL but the request failed without a response.\n\nWe received this error at the network level:\n\n  > Error: ESOCKETTIMEDOUT\n\nCommon situations why this would fail:\n  - you don't have internet access\n  - you forgot to run / boot your web server\n  - your web server isn't accessible\n  - you have weird network configuration settings on your computer\n\nBecause this error occurred during a `before each` hook we are skipping the remaining tests in the current suite: `Register User Tests`",
                "estack": "CypressError: `cy.visit()` failed trying to load:\n\nhttp://localhost:3000/\n\nWe attempted to make an http request to this URL but the request failed without a response.\n\nWe received this error at the network level:\n\n  > Error: ESOCKETTIMEDOUT\n\nCommon situations why this would fail:\n  - you don't have internet access\n  - you forgot to run / boot your web server\n  - your web server isn't accessible\n  - you have weird network configuration settings on your computer\n\nBecause this error occurred during a `before each` hook we are skipping the remaining tests in the current suite: `Register User Tests`\n    at <unknown> (http://localhost:3000/__cypress/runner/cypress_runner.js:134686:74)\n    at visitFailedByErr (http://localhost:3000/__cypress/runner/cypress_runner.js:134076:12)\n    at <unknown> (http://localhost:3000/__cypress/runner/cypress_runner.js:134685:11)\n    at tryCatcher (http://localhost:3000/__cypress/runner/cypress_runner.js:1777:23)\n    at Promise._settlePromiseFromHandler (http://localhost:3000/__cypress/runner/cypress_runner.js:1489:31)\n    at Promise._settlePromise (http://localhost:3000/__cypress/runner/cypress_runner.js:1546:18)\n    at Promise._settlePromise0 (http://localhost:3000/__cypress/runner/cypress_runner.js:1591:10)\n    at Promise._settlePromises (http://localhost:3000/__cypress/runner/cypress_runner.js:1667:18)\n    at _drainQueueStep (http://localhost:3000/__cypress/runner/cypress_runner.js:2377:12)\n    at _drainQueue (http://localhost:3000/__cypress/runner/cypress_runner.js:2370:9)\n    at Async._drainQueues (http://localhost:3000/__cypress/runner/cypress_runner.js:2386:5)\n    at Async.drainQueues (http://localhost:3000/__cypress/runner/cypress_runner.js:2256:14)\nFrom Your Spec Code:\n    at Context.eval (webpack://automated-tests-bugbank/./cypress/e2e/01-register.cy.js:10:11)\n\nFrom Node.js Internals:\n  Error: ESOCKETTIMEDOUT\n      at ClientRequest.<anonymous> (<embedded>:290:113952)\n      at Object.onceWrapper (node:events:632:28)\n      at ClientRequest.emit (node:events:518:28)\n      at Socket.emitRequestTimeout (node:_http_client:849:9)\n      at Object.onceWrapper (node:events:632:28)\n      at Socket.emit (node:events:530:35)\n      at Socket._onTimeout (node:net:595:8)\n      at listOnTimeout (node:internal/timers:581:17)\n      at process.processTimers (node:internal/timers:519:7)",
                "diff": null
              },
              "uuid": "4ac2bbbd-e2bf-42a2-91dd-c26581323f48",
              "parentUUID": "51b53c35-0a6d-4ab4-bd60-138c7684e400",
              "isHook": false,
              "skipped": false
            },
            {
              "title": "Register user with invalid data",
              "fullTitle": "Register User Tests Register user with invalid data",
              "timedOut": null,
              "duration": 0,
              "state": "skipped",
              "speed": null,
              "pass": false,
              "fail": false,
              "pending": false,
              "context": null,
              "code": "_index.default.registerNewUser(_dataUtils.INVALID_DATA_NEW_USER.EMAIL_INVALID, _dataUtils.VALID_DATA_NEW_USER.NAME_VALID, _dataUtils.VALID_DATA_NEW_USER.PASSWORD_VALID, _dataUtils.VALID_DATA_NEW_USER.PASSWORD_CONFIRMATION_VALID);\n_index.default.validateInvalidEmail();",
              "err": {},
              "uuid": "f0fd6118-e469-4c0f-b447-d9fab739103d",
              "parentUUID": "51b53c35-0a6d-4ab4-bd60-138c7684e400",
              "isHook": false,
              "skipped": true
            }
          ],
          "suites": [],
          "passes": [],
          "failures": [
            "4ac2bbbd-e2bf-42a2-91dd-c26581323f48"
          ],
          "pending": [],
          "skipped": [
            "f0fd6118-e469-4c0f-b447-d9fab739103d"
          ],
          "duration": 30205,
          "root": false,
          "rootEmpty": false,
          "_timeout": 2000
        }
      ],
      "passes": [],
      "failures": [],
      "pending": [],
      "skipped": [],
      "duration": 0,
      "root": true,
      "rootEmpty": true,
      "_timeout": 2000
    }
  ],
  "meta": {
    "mocha": {
      "version": "7.2.0"
    },
    "mochawesome": {
      "options": {
        "quiet": false,
        "reportFilename": "mochawesome",
        "saveHtml": false,
        "saveJson": true,
        "consoleReporter": "spec",
        "useInlineDiffs": false,
        "code": true
      },
      "version": "7.1.3"
    },
    "marge": {
      "options": {
        "charts": true,
        "reportPageTitle": "Relatório de Testes",
        "embeddedScreenshots": true,
        "inlineAssets": true,
        "reportDir": "cypress\\reports\\html\\.jsons",
        "overwrite": false,
        "html": false,
        "json": true
      },
      "version": "6.2.0"
    }
  }
}